-29.669492 18.101467
-29.856126 18.096956
-28.224501 17.889189
-30.192067 18.169045
-32.407427 17.916814
-36.705936 18.182076
-33.253322 17.983908
-31.790233 17.803814
-29.835754 17.709186
-27.970730 17.198024
-27.964329 17.256524
-30.716468 17.035464
-35.431552 16.646626
-40.387299 16.136550
-42.812291 15.549519
-42.386005 15.285862
-40.431474 14.836726
-39.205041 15.175945
-30.113394 11.933961
-24.116335 9.103421
-30.900670 7.253204
-34.768257 3.913695
-32.718797 1.807952
-30.779042 -0.257646
-32.721667 -3.349629
-27.713675 -4.941882
-30.534050 -5.805656
-36.114255 -5.145632
-31.145275 -2.985442
-23.053656 -0.120986
-21.495199 1.043044
-32.033881 3.418398
-36.359282 3.788520
-32.647043 1.059342
-28.125492 -2.420733
-34.333618 -2.564992
-32.173993 -3.185352
-28.847531 -4.737480
-30.536389 -5.819891
-31.998524 -6.508717
-30.770675 -7.924901
-35.647411 -9.545649
-37.870685 -10.954276
-32.348034 -12.963339
-27.878312 -13.839895
-28.032215 -14.477621
-32.847397 -15.254010
-27.370253 -16.641892
-33.608563 -16.901503
-39.148458 -17.358724
-32.259860 -18.685635
-30.879384 -18.376977
-32.878498 -15.769650
-30.643744 -10.835423
-32.698670 -6.140732
-32.642059 -4.131680
-26.826590 -3.442072
-26.729676 -2.712158
-29.536971 -1.980694
-30.774466 -0.911104
-35.569531 1.656171
-35.564295 3.099572
-31.536707 2.882478
-29.895207 3.332860
-30.927772 4.104424
-28.318204 5.152631
-27.340527 7.268588
-25.114338 8.967666
-18.156678 9.878420
-18.955815 9.215380
-15.555135 9.399027
-7.831743 8.999857
-4.154938 8.525790
-6.532216 7.572251
-12.219239 7.036955
-12.219748 8.141224
-17.572369 10.981814
-12.255793 14.029553
3.655093 17.323601
-6.329740 18.909693
-20.157617 21.525404
-17.238565 22.577586
-3.977567 17.675051
-7.458438 13.701020
-8.412557 10.028808
-11.476238 7.862314
-8.336600 5.862498
-33.527164 3.332546
-65.844773 2.462398
-89.072226 0.946373
-117.611787 2.554083
-114.542241 3.749616
-112.215305 3.430933
-110.523467 3.493032
-115.394493 3.934251
-116.622374 3.666427
-112.505369 3.765279
-115.073373 4.049879
-119.137574 3.625883
-124.636374 3.625272
-121.170213 3.884754
-115.315422 3.853142
-113.609052 3.780299
-116.544375 3.682711
-113.656288 3.540250
-112.543103 3.656140
-113.651341 3.564444
-112.630621 3.524727
-113.701918 3.659114
-113.706543 3.657502
-110.610741 3.728941
-109.470866 3.671021
-115.924929 3.743250
-115.924004 3.641636
-113.719465 3.508950
-107.688431 3.561871
-110.438452 3.756716
-119.986866 3.446205
