-0.000000 2356.194490
254.615557 538.381201
324.012497 89.785029
323.090904 89.391785
324.784058 89.437858
325.643574 91.163155
325.306034 91.124701
324.844527 90.610353
324.699605 91.113556
324.308802 90.840604
324.547688 91.151161
324.082146 91.090256
324.044021 91.236053
324.135288 92.290672
324.021695 92.948511
322.565602 92.140438
322.862011 92.227732
322.386960 93.495693
322.480922 94.189702
322.195711 95.374072
323.774455 96.132508
323.186150 93.302453
320.015365 90.950538
320.375531 90.848004
319.329678 90.032220
317.740238 87.713270
318.474843 88.379298
319.807793 89.149435
321.350549 91.274978
320.171830 97.433550
322.055030 102.906899
322.336447 99.441597
325.789445 103.460371
330.930333 103.805817
333.542128 99.849400
328.984033 102.573786
333.089822 100.601501
335.848308 96.055798
335.353978 99.078575
334.282510 96.102928
334.074537 96.578440
337.278898 91.426661
335.623000 98.274540
332.974599 93.544272
336.088779 92.014198
335.377991 94.097776
332.477082 99.386706
334.562636 99.526022
333.679216 97.504009
334.277086 95.900076
333.270729 94.403836
335.050755 93.862519
331.829827 94.506710
333.061705 95.716275
335.743361 97.212563
334.778261 98.559319
333.737440 96.982190
333.047484 95.928682
329.340614 95.732922
332.268505 94.007532
330.749311 92.017277
335.077403 87.251872
333.136946 83.318046
331.277765 85.599258
330.842641 94.292209
328.608260 93.862257
335.413557 98.016958
332.462013 106.227653
334.392640 118.350176
332.598205 123.389542
327.509348 110.337984
333.284482 105.760977
331.113083 89.782107
329.170001 82.898225
332.377773 74.870817
330.309003 65.552926
333.976907 70.493754
327.443354 75.244160
326.804396 78.810918
328.471534 82.197168
327.446202 84.816108
327.201001 81.955942
327.690834 71.560939
327.720306 66.665448
325.983141 65.096969
325.047952 60.931270
327.215002 62.665115
335.658734 63.270552
330.569423 62.553672
330.635896 59.324464
334.473470 58.614384
334.733147 56.588528
330.011340 58.252954
335.661156 59.876396
340.029028 62.143289
338.763521 64.125407
337.233562 64.615300
343.702607 66.775927
341.499454 67.603698
349.931722 73.085251
349.120374 75.553244
350.006098 73.911175
357.558239 76.474868
353.052252 73.836238
355.106753 73.871546
353.927657 73.508507
351.275783 71.965395
356.942853 77.573839
357.885498 77.776884
355.244515 79.268331
356.765653 82.897083
353.650021 83.779043
352.801578 87.684458
351.091570 87.343341
359.483623 88.600899
360.964399 97.276041
358.625410 97.004360
362.739036 99.240598
364.029752 98.895588
359.274166 100.258198
357.290735 98.520234
362.411776 97.660617
363.454882 100.716350
366.262995 103.709464
368.662512 103.915595
360.090540 104.552633
364.768574 105.882340
364.235966 105.734682
361.565343 104.255868
363.356030 104.231276
358.192617 106.451401
350.991950 102.547979
353.258400 104.326361
359.130079 105.029436
353.807735 104.395239
361.167443 106.514090
363.465672 104.334491
366.625098 105.754013
369.864813 103.107570
364.900846 104.224717
365.517820 103.819273
364.906361 104.362682
364.616368 105.366595
365.585469 106.535798
367.979090 107.802314
368.847339 107.096412
372.961555 107.090101
368.529197 106.470987
367.762037 107.197955
373.179853 105.877652
370.135493 105.524307
368.603890 105.494713
372.264086 106.842459
372.314174 104.785030
376.453749 102.658078
381.177682 96.440468
367.617203 98.877807
389.131192 114.252122
397.116426 121.598433
400.734284 115.911476
400.018668 115.695883
397.626942 113.447606
399.085329 116.720283
398.023568 127.680179
405.902442 128.170533
394.334239 122.092965
394.733047 109.803431
394.062470 102.212153
390.901190 104.718708
386.239353 96.521856
386.188452 94.098722
380.443645 88.120742
380.756129 87.388775
382.990580 87.162026
382.947034 87.959913
381.721701 87.153187
381.436800 86.868409
